<?xml version="1.0" encoding="UTF-8"?>
<testng-results skipped="0" failed="0" ignored="0" total="1" passed="1">
  <reporter-output>
  </reporter-output>
  <suite name="ePharmacyWebTest" duration-ms="2685" started-at="2021-04-12T16:44:02Z" finished-at="2021-04-12T16:44:04Z">
    <groups>
    </groups>
    <test name="Tradeling Tests Chrome" duration-ms="2685" started-at="2021-04-12T16:44:02Z" finished-at="2021-04-12T16:44:04Z">
      <class name="tests.HomeTest">
        <test-method status="PASS" signature="setUp()[pri:0, instance:tests.HomeTest@25a77fe8]" name="setUp" is-config="true" duration-ms="8" started-at="2021-04-12T16:44:02Z" finished-at="2021-04-12T16:44:02Z">
          <reporter-output>
          </reporter-output>
        </test-method> <!-- setUp -->
        <test-method status="PASS" signature="testHomePage()[pri:0, instance:tests.HomeTest@25a77fe8]" name="testHomePage" duration-ms="2643" started-at="2021-04-12T16:44:02Z" finished-at="2021-04-12T16:44:04Z">
          <reporter-output>
          </reporter-output>
        </test-method> <!-- testHomePage -->
        <test-method status="PASS" signature="tearDown()[pri:0, instance:tests.HomeTest@25a77fe8]" name="tearDown" is-config="true" duration-ms="0" started-at="2021-04-12T16:44:04Z" finished-at="2021-04-12T16:44:04Z">
          <reporter-output>
          </reporter-output>
        </test-method> <!-- tearDown -->
      </class> <!-- tests.HomeTest -->
    </test> <!-- Tradeling Tests Chrome -->
  </suite> <!-- ePharmacyWebTest -->
</testng-results>
